13:18:31.400 [TestNG-tests-1] INFO  testCases.HomePageAndLoginTest - LoginPage - email id entered
13:18:31.490 [TestNG-tests-1] INFO  testCases.HomePageAndLoginTest - LoginPage - password entered
13:18:31.611 [TestNG-tests-1] INFO  testCases.HomePageAndLoginTest - LoginPage - tried logging in for user type - Unrestricted User
13:18:32.493 [TestNG-tests-1] INFO  testCases.HomePageAndLoginTest - Navigated back to the LoginPage
13:18:32.972 [TestNG-tests-2] INFO  testCases.AssertTitleAndNavigationPaneTest - Driver closed
13:18:37.766 [TestNG-tests-1] INFO  resources.TestBase - _20220616_011837_765
13:18:39.082 [TestNG-tests-1] INFO  testCases.HomePageAndLoginTest - URL opened
13:18:39.083 [TestNG-tests-1] INFO  testCases.HomePageAndLoginTest - LandingPage - Object created
13:18:40.802 [TestNG-tests-1] INFO  testCases.HomePageAndLoginTest - LandingPage - Clicked login & LoginPage - object created
13:18:40.917 [TestNG-tests-1] INFO  testCases.HomePageAndLoginTest - LoginPage - email id entered
13:18:41.033 [TestNG-tests-1] INFO  testCases.HomePageAndLoginTest - LoginPage - password entered
13:18:41.171 [TestNG-tests-1] INFO  testCases.HomePageAndLoginTest - LoginPage - tried logging in for user type - Restricted User
13:18:41.982 [TestNG-tests-1] INFO  testCases.HomePageAndLoginTest - Navigated back to the LoginPage
13:18:47.235 [TestNG-tests-1] INFO  resources.TestBase - _20220616_011847_235
13:18:49.316 [TestNG-tests-1] INFO  testCases.HomePageAndLoginTest - Driver closed
13:19:58.188 [main] INFO  resources.TestBase - _20220616_011958_185
13:20:02.043 [TestNG-tests-2] INFO  testCases.AssertTitleAndNavigationPaneTest - Driver is initialized
13:20:02.087 [TestNG-tests-1] INFO  testCases.HomePageAndLoginTest - Driver is initialized
13:20:07.570 [TestNG-tests-1] INFO  testCases.HomePageAndLoginTest - URL opened
13:20:07.612 [TestNG-tests-1] INFO  testCases.HomePageAndLoginTest - LandingPage - Object created
13:20:09.362 [TestNG-tests-2] INFO  testCases.AssertTitleAndNavigationPaneTest - URL opened
13:20:09.365 [TestNG-tests-2] INFO  testCases.AssertTitleAndNavigationPaneTest - LandingPage - Object created
13:20:09.814 [TestNG-tests-2] INFO  resources.TestBase - _20220616_012009_814
13:20:10.614 [TestNG-tests-1] INFO  testCases.HomePageAndLoginTest - LandingPage - Clicked login & LoginPage - object created
13:20:10.766 [TestNG-tests-1] INFO  testCases.HomePageAndLoginTest - LoginPage - email id entered
13:20:10.852 [TestNG-tests-1] INFO  testCases.HomePageAndLoginTest - LoginPage - password entered
13:20:10.971 [TestNG-tests-1] INFO  testCases.HomePageAndLoginTest - LoginPage - tried logging in for user type - Unrestricted User
13:20:12.117 [TestNG-tests-1] INFO  testCases.HomePageAndLoginTest - Navigated back to the LoginPage
13:20:14.917 [TestNG-tests-2] INFO  testCases.AssertTitleAndNavigationPaneTest - Driver closed
13:20:17.429 [TestNG-tests-1] INFO  resources.TestBase - _20220616_012017_428
13:20:18.690 [TestNG-tests-1] INFO  testCases.HomePageAndLoginTest - URL opened
13:20:18.691 [TestNG-tests-1] INFO  testCases.HomePageAndLoginTest - LandingPage - Object created
13:20:20.479 [TestNG-tests-1] INFO  testCases.HomePageAndLoginTest - LandingPage - Clicked login & LoginPage - object created
13:20:20.571 [TestNG-tests-1] INFO  testCases.HomePageAndLoginTest - LoginPage - email id entered
13:20:20.677 [TestNG-tests-1] INFO  testCases.HomePageAndLoginTest - LoginPage - password entered
13:20:20.782 [TestNG-tests-1] INFO  testCases.HomePageAndLoginTest - LoginPage - tried logging in for user type - Restricted User
13:20:21.400 [TestNG-tests-1] INFO  testCases.HomePageAndLoginTest - Navigated back to the LoginPage
13:20:26.648 [TestNG-tests-1] INFO  resources.TestBase - _20220616_012026_648
13:20:28.730 [TestNG-tests-1] INFO  testCases.HomePageAndLoginTest - Driver closed
13:23:39.937 [main] INFO  resources.TestBase - _20220616_012339_934
13:23:47.181 [TestNG-tests-2] INFO  testCases.AssertTitleAndNavigationPaneTest - Driver is initialized
13:23:47.204 [TestNG-tests-1] INFO  testCases.HomePageAndLoginTest - Driver is initialized
13:23:57.086 [TestNG-tests-2] INFO  testCases.AssertTitleAndNavigationPaneTest - URL opened
13:23:57.145 [TestNG-tests-2] INFO  testCases.AssertTitleAndNavigationPaneTest - LandingPage - Object created
13:23:57.200 [TestNG-tests-1] INFO  testCases.HomePageAndLoginTest - URL opened
13:23:57.200 [TestNG-tests-1] INFO  testCases.HomePageAndLoginTest - LandingPage - Object created
13:23:59.321 [TestNG-tests-2] INFO  resources.TestBase - _20220616_012359_321
13:24:01.049 [TestNG-tests-1] INFO  testCases.HomePageAndLoginTest - LandingPage - Clicked login & LoginPage - object created
13:24:01.241 [TestNG-tests-1] INFO  testCases.HomePageAndLoginTest - LoginPage - email id entered
13:24:01.364 [TestNG-tests-1] INFO  testCases.HomePageAndLoginTest - LoginPage - password entered
13:24:01.504 [TestNG-tests-1] INFO  testCases.HomePageAndLoginTest - LoginPage - tried logging in for user type - Unrestricted User
