15:00:13.132 [main] INFO  oodaymy.VishayPage - Comments count found: 43
15:00:13.287 [main] INFO  resources.WriteExcel - Sheet name: REST Assured
15:00:13.287 [main] INFO  resources.WriteExcel - Current new row: 30
15:00:13.288 [main] INFO  resources.WriteExcel - Adding value 30to (row, col) : (30, 0)
15:00:13.288 [main] INFO  resources.WriteExcel - Adding value 9. Handling Google/Facebook oauth 2.0 Authorization Grant typesto (row, col) : (30, 1)
15:00:13.288 [main] INFO  resources.WriteExcel - Adding value 52. Flow procedure in achieving OAuth 2.0 Authentication mechanismto (row, col) : (30, 2)
15:00:13.289 [main] INFO  resources.WriteExcel - Adding value 5:05to (row, col) : (30, 3)
15:00:13.291 [main] INFO  resources.WriteExcel - Adding value *Information: STEP I - Details of the URL the user first hits to login to Google is shown below. The developers should give you the URL.
scope - Targets specific resource owner endpoint; each unique endpoint denotes specific user details the client requires from Google (decided when the client first registers with Google, and depending on what the client needs, Google says - use XX scope endpoint)
auth_url - Google's authorization server endpoint for user account login (https://accounts.google.com/o/oauth2/v2/auth)
client_id - An id assigned to the client by Google, to identify the client uniquely
response_type - Value "code" to denote the OTP like Authorization Code expected back from Google
redirect_url - The client URL the user should be redirected to eventually
state - Optional parameter. This is used for security testing purposes and is a value present in the client's application server.to (row, col) : (30, 4)
15:00:13.302 [main] INFO  oodaymy.VishayPage - Comments count found: 43
15:00:13.441 [main] INFO  resources.WriteExcel - Sheet name: REST Assured
15:00:13.441 [main] INFO  resources.WriteExcel - Current new row: 31
15:00:13.441 [main] INFO  resources.WriteExcel - Adding value 31to (row, col) : (31, 0)
15:00:13.441 [main] INFO  resources.WriteExcel - Adding value 9. Handling Google/Facebook oauth 2.0 Authorization Grant typesto (row, col) : (31, 1)
15:00:13.442 [main] INFO  resources.WriteExcel - Adding value 53. Details on Practise OAuth 2.0 project to retrieve Courses listto (row, col) : (31, 2)
15:00:13.442 [main] INFO  resources.WriteExcel - Adding value 3:09to (row, col) : (31, 3)
15:00:13.442 [main] INFO  resources.WriteExcel - Adding value *Information: Third party Authorization Server URL (e.g. https://accounts.google.com/o/oauth2/v2/auth) and Access Token URL (e.g. https://www.googleapis.com/oauth2/v4/token) can be found by Googling also.

Details required from the developers to test OAuth 2.0:
Grant Type being used (Authorization Code or Client Credentials)
Redirect / Callback URL where the user should be sent back on the client application
Authorization Server URL to get the authorization code
Access Token URL to get the access token back by sending the authorization code
Client ID specific to our application register with a particular 3rd party
Client Secret ID specific to our Client ID
Scope endpoint for the specific user details required from the 3rd party
State any random string as present in the our application serverto (row, col) : (31, 4)
15:00:13.454 [main] INFO  oodaymy.VishayPage - Comments count found: 43
15:00:13.591 [main] INFO  resources.WriteExcel - Sheet name: REST Assured
15:00:13.591 [main] INFO  resources.WriteExcel - Current new row: 32
15:00:13.591 [main] INFO  resources.WriteExcel - Adding value 32to (row, col) : (32, 0)
15:00:13.592 [main] INFO  resources.WriteExcel - Adding value 10. Rest Assured Automation for OAuth 2.0 Authorization codeto (row, col) : (32, 1)
15:00:13.592 [main] INFO  resources.WriteExcel - Adding value 55. Building up Rest Assured Automation Test for the OAuth Projectto (row, col) : (32, 2)
15:00:13.592 [main] INFO  resources.WriteExcel - Adding value 5:13to (row, col) : (32, 3)
15:00:13.593 [main] INFO  resources.WriteExcel - Adding value *Information: We can write given().queryParam().when().get().asString(); directly instead of given().queryParam().when().get().then().extract().response().asString();to (row, col) : (32, 4)
15:00:13.603 [main] INFO  oodaymy.VishayPage - Comments count found: 43
15:00:13.721 [main] INFO  resources.WriteExcel - Sheet name: REST Assured
15:00:13.721 [main] INFO  resources.WriteExcel - Current new row: 33
15:00:13.721 [main] INFO  resources.WriteExcel - Adding value 33to (row, col) : (33, 0)
15:00:13.722 [main] INFO  resources.WriteExcel - Adding value 10. Rest Assured Automation for OAuth 2.0 Authorization codeto (row, col) : (33, 1)
15:00:13.722 [main] INFO  resources.WriteExcel - Adding value 57. Formatting URL String to retrieve code using java methodsto (row, col) : (33, 2)
15:00:13.722 [main] INFO  resources.WriteExcel - Adding value 10:18to (row, col) : (33, 3)
15:00:13.722 [main] INFO  resources.WriteExcel - Adding value *Update: Manually get the response URL consisting of the authorization code and ask the developers to increase the scope (timeout length) of the authorization code.to (row, col) : (33, 4)
