13:24:03.324 [TestNG-tests-1] INFO  testCases.HomePageAndLoginTest - Navigated back to the LoginPage
13:24:04.604 [TestNG-tests-2] INFO  testCases.AssertTitleAndNavigationPaneTest - Driver closed
13:24:09.626 [TestNG-tests-1] INFO  resources.TestBase - _20220616_012409_626
13:24:11.338 [TestNG-tests-1] INFO  testCases.HomePageAndLoginTest - URL opened
13:24:11.339 [TestNG-tests-1] INFO  testCases.HomePageAndLoginTest - LandingPage - Object created
13:24:13.004 [TestNG-tests-1] INFO  resources.TestBase - _20220616_012413_004
13:24:15.192 [TestNG-tests-1] INFO  testCases.HomePageAndLoginTest - Driver closed
13:24:55.246 [main] INFO  resources.TestBase - _20220616_012455_244
13:25:01.217 [TestNG-tests-2] INFO  testCases.AssertTitleAndNavigationPaneTest - Driver is initialized
13:25:01.258 [TestNG-tests-1] INFO  testCases.HomePageAndLoginTest - Driver is initialized
13:25:09.168 [TestNG-tests-2] INFO  testCases.AssertTitleAndNavigationPaneTest - URL opened
13:25:09.224 [TestNG-tests-2] INFO  testCases.AssertTitleAndNavigationPaneTest - LandingPage - Object created
13:25:10.293 [TestNG-tests-1] INFO  testCases.HomePageAndLoginTest - URL opened
13:25:10.293 [TestNG-tests-1] INFO  testCases.HomePageAndLoginTest - LandingPage - Object created
13:25:10.298 [TestNG-tests-2] INFO  resources.TestBase - _20220616_012510_298
13:25:12.378 [TestNG-tests-1] INFO  resources.TestBase - _20220616_012512_378
13:25:13.749 [TestNG-tests-1] INFO  testCases.HomePageAndLoginTest - URL opened
13:25:13.750 [TestNG-tests-1] INFO  testCases.HomePageAndLoginTest - LandingPage - Object created
13:25:15.688 [TestNG-tests-2] INFO  testCases.AssertTitleAndNavigationPaneTest - Driver closed
13:25:18.298 [TestNG-tests-1] INFO  testCases.HomePageAndLoginTest - LandingPage - Clicked login & LoginPage - object created
13:25:18.516 [TestNG-tests-1] INFO  testCases.HomePageAndLoginTest - LoginPage - email id entered
13:25:18.650 [TestNG-tests-1] INFO  testCases.HomePageAndLoginTest - LoginPage - password entered
13:25:18.835 [TestNG-tests-1] INFO  testCases.HomePageAndLoginTest - LoginPage - tried logging in for user type - Restricted User
13:25:19.512 [TestNG-tests-1] INFO  testCases.HomePageAndLoginTest - Navigated back to the LoginPage
13:25:24.918 [TestNG-tests-1] INFO  resources.TestBase - _20220616_012524_918
13:25:27.122 [TestNG-tests-1] INFO  testCases.HomePageAndLoginTest - Driver closed
13:28:46.140 [main] INFO  resources.TestBase - _20220616_012846_137
13:28:52.424 [TestNG-tests-2] INFO  testCases.AssertTitleAndNavigationPaneTest - Driver is initialized
13:28:52.466 [TestNG-tests-1] INFO  testCases.HomePageAndLoginTest - Driver is initialized
13:29:00.830 [TestNG-tests-1] INFO  testCases.HomePageAndLoginTest - URL opened
13:29:00.891 [TestNG-tests-1] INFO  testCases.HomePageAndLoginTest - LandingPage - Object created
13:29:01.980 [TestNG-tests-2] INFO  testCases.AssertTitleAndNavigationPaneTest - URL opened
13:29:01.995 [TestNG-tests-2] INFO  testCases.AssertTitleAndNavigationPaneTest - LandingPage - Object created
13:29:02.794 [TestNG-tests-2] INFO  resources.TestBase - _20220616_012902_794
13:29:05.470 [TestNG-tests-1] INFO  testCases.HomePageAndLoginTest - LandingPage - Clicked login & LoginPage - object created
13:29:05.654 [TestNG-tests-1] INFO  testCases.HomePageAndLoginTest - LoginPage - email id entered
13:29:05.810 [TestNG-tests-1] INFO  testCases.HomePageAndLoginTest - LoginPage - password entered
13:29:05.957 [TestNG-tests-1] INFO  testCases.HomePageAndLoginTest - LoginPage - tried logging in for user type - Unrestricted User
13:29:06.712 [TestNG-tests-1] INFO  testCases.HomePageAndLoginTest - Navigated back to the LoginPage
13:29:08.029 [TestNG-tests-2] INFO  testCases.AssertTitleAndNavigationPaneTest - Driver closed
13:29:12.110 [TestNG-tests-1] INFO  resources.TestBase - _20220616_012912_110
13:29:14.212 [TestNG-tests-1] INFO  testCases.HomePageAndLoginTest - URL opened
13:29:14.213 [TestNG-tests-1] INFO  testCases.HomePageAndLoginTest - LandingPage - Object created
13:29:16.694 [TestNG-tests-1] INFO  testCases.HomePageAndLoginTest - LandingPage - Clicked login & LoginPage - object created
13:29:16.830 [TestNG-tests-1] INFO  testCases.HomePageAndLoginTest - LoginPage - email id entered
13:29:16.957 [TestNG-tests-1] INFO  testCases.HomePageAndLoginTest - LoginPage - password entered
13:29:17.098 [TestNG-tests-1] INFO  testCases.HomePageAndLoginTest - LoginPage - tried logging in for user type - Restricted User
13:29:18.623 [TestNG-tests-1] INFO  testCases.HomePageAndLoginTest - Navigated back to the LoginPage
13:29:24.016 [TestNG-tests-1] INFO  resources.TestBase - _20220616_012924_016
13:29:26.267 [TestNG-tests-1] INFO  testCases.HomePageAndLoginTest - Driver closed
