15:00:07.254 [main] INFO  oodaymy.VishayPage - Comments count found: 43
15:00:07.403 [main] INFO  resources.WriteExcel - Sheet name: REST Assured
15:00:07.403 [main] INFO  resources.WriteExcel - Current new row: 8
15:00:07.403 [main] INFO  resources.WriteExcel - Adding value 8to (row, col) : (8, 0)
15:00:07.404 [main] INFO  resources.WriteExcel - Adding value 8. Real world Example-Automating Jira API'sto (row, col) : (8, 1)
15:00:07.404 [main] INFO  resources.WriteExcel - Adding value 45. Sending Attachments to Rest API using MultiPart method in Rest Assuredto (row, col) : (8, 2)
15:00:07.404 [main] INFO  resources.WriteExcel - Adding value 10:23to (row, col) : (8, 3)
15:00:07.405 [main] INFO  resources.WriteExcel - Adding value *Marker: Negative test case - send "application/json" instead of "multipart/form-data" as the header value.to (row, col) : (8, 4)
15:00:07.466 [main] INFO  oodaymy.VishayPage - Comments count found: 43
15:00:09.963 [main] INFO  resources.WriteExcel - Sheet name: REST Assured
15:00:09.963 [main] INFO  resources.WriteExcel - Current new row: 9
15:00:09.964 [main] INFO  resources.WriteExcel - Adding value 9to (row, col) : (9, 0)
15:00:09.964 [main] INFO  resources.WriteExcel - Adding value 8. Real world Example-Automating Jira API'sto (row, col) : (9, 1)
15:00:09.965 [main] INFO  resources.WriteExcel - Adding value 45. Sending Attachments to Rest API using MultiPart method in Rest Assuredto (row, col) : (9, 2)
15:00:09.965 [main] INFO  resources.WriteExcel - Adding value 1:26to (row, col) : (9, 3)
15:00:09.966 [main] INFO  resources.WriteExcel - Adding value *Marker: Interpretation of a Curl command

curl -D- -u {username}:{password} -X POST -H "X-Atlassian-Token: nocheck" -F "file=@{path/to/file}" http://{base-url}/rest/api/2/issue/{issue-key}/attachments

-D- stands for different parameters
-u for jira username and password
-X for request method
-H for header key / value
-F for file path

As stated by Rahul, in most of the top APIs e.g. Jira, Twitter, Facebook, the contract will be explained in the form of curl commands.to (row, col) : (9, 4)
15:00:09.978 [main] INFO  oodaymy.VishayPage - Comments count found: 43
15:00:10.218 [main] INFO  resources.WriteExcel - Sheet name: REST Assured
15:00:10.218 [main] INFO  resources.WriteExcel - Current new row: 10
15:00:10.219 [main] INFO  resources.WriteExcel - Adding value 10to (row, col) : (10, 0)
15:00:10.219 [main] INFO  resources.WriteExcel - Adding value 8. Real world Example-Automating Jira API'sto (row, col) : (10, 1)
15:00:10.220 [main] INFO  resources.WriteExcel - Adding value 45. Sending Attachments to Rest API using MultiPart method in Rest Assuredto (row, col) : (10, 2)
15:00:10.220 [main] INFO  resources.WriteExcel - Adding value 9:06to (row, col) : (10, 3)
15:00:10.221 [main] INFO  resources.WriteExcel - Adding value *Information: Attaching a file to a Jira defect using the multiPart() method (note the headers that are required to be used when using a multipart method to send a file to the API endpoint) -
E.g.
public void addAttachment() {
Response response = given()
.log().all()
.pathParams("jiraNum", "NEP-18")
.header("X-Atlassian-Token", "no-check") // as shown in the curl command on the Jira website
.header("Content-Type", "multipart/form-data") // to be used when using multiPart() method
.multiPart("file", new File("Jira.txt"))
.when()
.post("/rest/api/3/issue/{jiraNum}/attachments")
.then().log().all()
.extract().response();

Assert.assertEquals(response.getStatusCode(), 200);
}to (row, col) : (10, 4)
15:00:10.237 [main] INFO  oodaymy.VishayPage - Comments count found: 43
15:00:10.413 [main] INFO  resources.WriteExcel - Sheet name: REST Assured
15:00:10.413 [main] INFO  resources.WriteExcel - Current new row: 11
15:00:10.413 [main] INFO  resources.WriteExcel - Adding value 11to (row, col) : (11, 0)
15:00:10.414 [main] INFO  resources.WriteExcel - Adding value 8. Real world Example-Automating Jira API'sto (row, col) : (11, 1)
15:00:10.415 [main] INFO  resources.WriteExcel - Adding value 45. Sending Attachments to Rest API using MultiPart method in Rest Assuredto (row, col) : (11, 2)
15:00:10.415 [main] INFO  resources.WriteExcel - Adding value 4:03to (row, col) : (11, 3)
15:00:10.416 [main] INFO  resources.WriteExcel - Adding value *Information: To maintain coding standards, send a path parameter not through the resource but instead through the pathParam() method.to (row, col) : (11, 4)
15:00:10.429 [main] INFO  oodaymy.VishayPage - Comments count found: 43
15:00:10.580 [main] INFO  resources.WriteExcel - Sheet name: REST Assured
15:00:10.581 [main] INFO  resources.WriteExcel - Current new row: 12
15:00:10.581 [main] INFO  resources.WriteExcel - Adding value 12to (row, col) : (12, 0)
15:00:10.581 [main] INFO  resources.WriteExcel - Adding value 8. Real world Example-Automating Jira API'sto (row, col) : (12, 1)
15:00:10.582 [main] INFO  resources.WriteExcel - Adding value 45. Sending Attachments to Rest API using MultiPart method in Rest Assuredto (row, col) : (12, 2)
