14:59:49.441 [main] INFO  commentsProject.OodaymyNew - Driver initialized with the existing browser on port: 53754
14:59:50.532 [main] INFO  resources.WriteExcel - Workbook created with name - Learning_Notes.xlsx
14:59:50.582 [main] INFO  resources.WriteExcel - Sheet 1 - Selenium created
14:59:50.641 [main] INFO  resources.WriteExcel - Sheet 1 - Selenium headers added
14:59:50.643 [main] INFO  resources.WriteExcel - Sheet 2 - REST Assured created
14:59:50.647 [main] INFO  resources.WriteExcel - Sheet 2 - REST Assured headers added
14:59:50.647 [main] INFO  commentsProject.OodaymyNew - Test case requesting the workbook be created
14:59:51.658 [main] INFO  commentsProject.OodaymyNew - URL opened
14:59:51.680 [main] INFO  commentsProject.OodaymyNew - Course 1 - Object created
14:59:53.679 [main] INFO  oodaymy.VishayPage - Comments count found: 39
14:59:54.425 [main] INFO  resources.WriteExcel - Sheet name: Selenium
14:59:54.425 [main] INFO  resources.WriteExcel - Current new row: 1
14:59:54.425 [main] INFO  resources.WriteExcel - Adding value 1to (row, col) : (1, 0)
14:59:54.427 [main] INFO  resources.WriteExcel - Adding value 7. Selenium Webdriver->Techniques to automate Web elementsto (row, col) : (1, 1)
14:59:54.427 [main] INFO  resources.WriteExcel - Adding value 62. Validating if UI Elements are disabled or enabled with Attributesto (row, col) : (1, 2)
14:59:54.430 [main] INFO  resources.WriteExcel - Adding value 13:56to (row, col) : (1, 3)
14:59:54.431 [main] INFO  resources.WriteExcel - Adding value *Note: Next learning - Protractorto (row, col) : (1, 4)
14:59:54.480 [main] INFO  oodaymy.VishayPage - Comments count found: 39
14:59:54.747 [main] INFO  resources.WriteExcel - Sheet name: Selenium
14:59:54.747 [main] INFO  resources.WriteExcel - Current new row: 2
14:59:54.748 [main] INFO  resources.WriteExcel - Adding value 2to (row, col) : (2, 0)
14:59:54.749 [main] INFO  resources.WriteExcel - Adding value 17. Framework Part -1 - TestNGto (row, col) : (2, 1)
14:59:54.750 [main] INFO  resources.WriteExcel - Adding value 130. Why TestNG and Its Advantagesto (row, col) : (2, 2)
14:59:54.751 [main] INFO  resources.WriteExcel - Adding value 3:40to (row, col) : (2, 3)
14:59:54.753 [main] INFO  resources.WriteExcel - Adding value *Information: Download TestNGto (row, col) : (2, 4)
14:59:54.826 [main] INFO  oodaymy.VishayPage - Comments count found: 39
14:59:54.996 [main] INFO  resources.WriteExcel - Sheet name: Selenium
14:59:54.996 [main] INFO  resources.WriteExcel - Current new row: 3
14:59:54.996 [main] INFO  resources.WriteExcel - Adding value 3to (row, col) : (3, 0)
14:59:54.997 [main] INFO  resources.WriteExcel - Adding value 17. Framework Part -1 - TestNGto (row, col) : (3, 1)
14:59:54.998 [main] INFO  resources.WriteExcel - Adding value 132. Importance of xml file in Testng configurationto (row, col) : (3, 2)
14:59:54.999 [main] INFO  resources.WriteExcel - Adding value 3:58to (row, col) : (3, 3)
14:59:55.000 [main] INFO  resources.WriteExcel - Adding value *Marker: TestNG XMLto (row, col) : (3, 4)
14:59:55.017 [main] INFO  oodaymy.VishayPage - Comments count found: 39
14:59:57.835 [main] INFO  resources.WriteExcel - Sheet name: Selenium
14:59:57.836 [main] INFO  resources.WriteExcel - Current new row: 4
14:59:57.837 [main] INFO  resources.WriteExcel - Adding value 4to (row, col) : (4, 0)
14:59:57.838 [main] INFO  resources.WriteExcel - Adding value 17. Framework Part -1 - TestNGto (row, col) : (4, 1)
14:59:57.839 [main] INFO  resources.WriteExcel - Adding value 137. TestNG Annotations part - 2to (row, col) : (4, 2)
14:59:57.841 [main] INFO  resources.WriteExcel - Adding value 8:08to (row, col) : (4, 3)
14:59:57.841 [main] INFO  resources.WriteExcel - Adding value *Interview Question: What is the difference between @BeforeMethod and @BeforeTest?to (row, col) : (4, 4)
14:59:57.892 [main] INFO  oodaymy.VishayPage - Comments count found: 39
14:59:58.101 [main] INFO  resources.WriteExcel - Sheet name: Selenium
14:59:58.101 [main] INFO  resources.WriteExcel - Current new row: 5
14:59:58.102 [main] INFO  resources.WriteExcel - Adding value 5to (row, col) : (5, 0)
14:59:58.104 [main] INFO  resources.WriteExcel - Adding value 17. Framework Part -1 - TestNGto (row, col) : (5, 1)
14:59:58.105 [main] INFO  resources.WriteExcel - Adding value 138. Usage of Groups functionality in TestNGto (row, col) : (5, 2)
14:59:58.106 [main] INFO  resources.WriteExcel - Adding value 3:24to (row, col) : (5, 3)
14:59:58.107 [main] INFO  resources.WriteExcel - Adding value *Information: In TestNG, the order of test execution in a class (with no test priorities) is alphabetical order.to (row, col) : (5, 4)
14:59:58.137 [main] INFO  oodaymy.VishayPage - Comments count found: 39
14:59:58.308 [main] INFO  resources.WriteExcel - Sheet name: Selenium
14:59:58.308 [main] INFO  resources.WriteExcel - Current new row: 6
14:59:58.309 [main] INFO  resources.WriteExcel - Adding value 6to (row, col) : (6, 0)
14:59:58.309 [main] INFO  resources.WriteExcel - Adding value 17. Framework Part -1 - TestNGto (row, col) : (6, 1)
