20:27:46.381 [TestNG-tests-1] INFO  testCases.HomePageAndLoginTest - Driver is initialized
20:27:46.381 [TestNG-tests-2] INFO  testCases.AssertTitleAndNavigationPaneTest - Driver is initialized
20:27:51.506 [TestNG-tests-2] INFO  testCases.AssertTitleAndNavigationPaneTest - URL opened
20:27:51.570 [TestNG-tests-2] INFO  testCases.AssertTitleAndNavigationPaneTest - LandingPage - Object created
20:27:52.048 [TestNG-tests-2] INFO  resources.TestBase - _20210509_082752_047
20:27:56.324 [TestNG-tests-1] INFO  testCases.HomePageAndLoginTest - URL opened
20:27:56.324 [TestNG-tests-1] INFO  testCases.HomePageAndLoginTest - LandingPage - Object created
20:27:57.236 [TestNG-tests-2] INFO  testCases.AssertTitleAndNavigationPaneTest - Driver closed
20:27:59.345 [TestNG-tests-1] INFO  testCases.HomePageAndLoginTest - LandingPage - Clicked login & LoginPage - object created
20:27:59.538 [TestNG-tests-1] INFO  testCases.HomePageAndLoginTest - LoginPage - email id entered
20:27:59.622 [TestNG-tests-1] INFO  testCases.HomePageAndLoginTest - LoginPage - password entered
20:27:59.833 [TestNG-tests-1] INFO  testCases.HomePageAndLoginTest - LoginPage - tried logging in for user type - Unrestricted User
20:28:00.221 [TestNG-tests-1] INFO  testCases.HomePageAndLoginTest - Navigated back to the LoginPage
20:28:00.425 [TestNG-tests-1] INFO  testCases.HomePageAndLoginTest - LoginPage - clicked 'forgot password'
20:28:01.753 [TestNG-tests-1] INFO  testCases.HomePageAndLoginTest - ForgotPasswordPage - entered email
20:28:02.590 [TestNG-tests-1] INFO  testCases.HomePageAndLoginTest - ForgotPasswordPage - clicked 'send me instructions'
20:28:04.115 [TestNG-tests-1] INFO  testCases.HomePageAndLoginTest - URL opened
20:28:04.115 [TestNG-tests-1] INFO  testCases.HomePageAndLoginTest - LandingPage - Object created
20:28:05.511 [TestNG-tests-1] INFO  testCases.HomePageAndLoginTest - LandingPage - Clicked login & LoginPage - object created
20:28:05.733 [TestNG-tests-1] INFO  testCases.HomePageAndLoginTest - LoginPage - email id entered
20:28:05.821 [TestNG-tests-1] INFO  testCases.HomePageAndLoginTest - LoginPage - password entered
20:28:05.998 [TestNG-tests-1] INFO  testCases.HomePageAndLoginTest - LoginPage - tried logging in for user type - Restricted User
20:28:06.299 [TestNG-tests-1] INFO  testCases.HomePageAndLoginTest - Navigated back to the LoginPage
20:28:06.510 [TestNG-tests-1] INFO  testCases.HomePageAndLoginTest - LoginPage - clicked 'forgot password'
20:28:07.409 [TestNG-tests-1] INFO  testCases.HomePageAndLoginTest - ForgotPasswordPage - entered email
20:28:08.044 [TestNG-tests-1] INFO  testCases.HomePageAndLoginTest - ForgotPasswordPage - clicked 'send me instructions'
20:28:10.114 [TestNG-tests-1] INFO  testCases.HomePageAndLoginTest - Driver closed
20:30:58.805 [main] INFO  resources.TestBase - _20210509_083058_800
20:31:02.273 [TestNG-tests-2] INFO  testCases.AssertTitleAndNavigationPaneTest - Driver is initialized
20:31:02.273 [TestNG-tests-1] INFO  testCases.HomePageAndLoginTest - Driver is initialized
20:31:07.241 [TestNG-tests-2] INFO  testCases.AssertTitleAndNavigationPaneTest - URL opened
20:31:07.362 [TestNG-tests-2] INFO  testCases.AssertTitleAndNavigationPaneTest - LandingPage - Object created
20:31:08.232 [TestNG-tests-2] INFO  resources.TestBase - _20210509_083108_231
20:31:09.102 [TestNG-tests-1] INFO  testCases.HomePageAndLoginTest - URL opened
20:31:09.102 [TestNG-tests-1] INFO  testCases.HomePageAndLoginTest - LandingPage - Object created
20:31:12.224 [TestNG-tests-1] INFO  testCases.HomePageAndLoginTest - LandingPage - Clicked login & LoginPage - object created
20:31:12.440 [TestNG-tests-1] INFO  testCases.HomePageAndLoginTest - LoginPage - email id entered
20:31:12.507 [TestNG-tests-1] INFO  testCases.HomePageAndLoginTest - LoginPage - password entered
20:31:12.732 [TestNG-tests-1] INFO  testCases.HomePageAndLoginTest - LoginPage - tried logging in for user type - Unrestricted User
20:31:13.117 [TestNG-tests-1] INFO  testCases.HomePageAndLoginTest - Navigated back to the LoginPage
20:31:13.377 [TestNG-tests-2] INFO  testCases.AssertTitleAndNavigationPaneTest - Driver closed
20:31:13.475 [TestNG-tests-1] INFO  testCases.HomePageAndLoginTest - LoginPage - clicked 'forgot password'
20:31:15.024 [TestNG-tests-1] INFO  testCases.HomePageAndLoginTest - ForgotPasswordPage - entered email
20:31:15.843 [TestNG-tests-1] INFO  testCases.HomePageAndLoginTest - ForgotPasswordPage - clicked 'send me instructions'
20:31:17.299 [TestNG-tests-1] INFO  testCases.HomePageAndLoginTest - URL opened
20:31:17.301 [TestNG-tests-1] INFO  testCases.HomePageAndLoginTest - LandingPage - Object created
20:31:18.774 [TestNG-tests-1] INFO  testCases.HomePageAndLoginTest - LandingPage - Clicked login & LoginPage - object created
20:31:19.060 [TestNG-tests-1] INFO  testCases.HomePageAndLoginTest - LoginPage - email id entered
20:31:19.144 [TestNG-tests-1] INFO  testCases.HomePageAndLoginTest - LoginPage - password entered
20:31:19.315 [TestNG-tests-1] INFO  testCases.HomePageAndLoginTest - LoginPage - tried logging in for user type - Restricted User
