11:05:23.963 [main] INFO  resources.TestBase - _20220616_110523_961
11:05:30.188 [TestNG-tests-2] INFO  testCases.AssertTitleAndNavigationPaneTest - Driver is initialized
11:05:30.342 [TestNG-tests-1] INFO  testCases.HomePageAndLoginTest - Driver is initialized
11:05:37.924 [TestNG-tests-2] INFO  testCases.AssertTitleAndNavigationPaneTest - URL opened
11:05:37.976 [TestNG-tests-2] INFO  testCases.AssertTitleAndNavigationPaneTest - LandingPage - Object created
11:05:38.833 [TestNG-tests-1] INFO  testCases.HomePageAndLoginTest - URL opened
11:05:38.834 [TestNG-tests-1] INFO  testCases.HomePageAndLoginTest - LandingPage - Object created
11:05:40.067 [TestNG-tests-2] INFO  resources.TestBase - _20220616_110540_067
11:05:42.470 [TestNG-tests-1] INFO  testCases.HomePageAndLoginTest - LandingPage - Clicked login & LoginPage - object created
11:05:42.631 [TestNG-tests-1] INFO  testCases.HomePageAndLoginTest - LoginPage - email id entered
11:05:42.773 [TestNG-tests-1] INFO  testCases.HomePageAndLoginTest - LoginPage - password entered
11:05:45.277 [TestNG-tests-2] INFO  testCases.AssertTitleAndNavigationPaneTest - Driver closed
11:05:48.416 [TestNG-tests-1] INFO  resources.TestBase - _20220616_110548_416
11:05:50.628 [TestNG-tests-1] INFO  testCases.HomePageAndLoginTest - URL opened
11:05:50.630 [TestNG-tests-1] INFO  testCases.HomePageAndLoginTest - LandingPage - Object created
11:05:52.937 [TestNG-tests-1] INFO  testCases.HomePageAndLoginTest - LandingPage - Clicked login & LoginPage - object created
11:05:53.069 [TestNG-tests-1] INFO  testCases.HomePageAndLoginTest - LoginPage - email id entered
11:05:53.196 [TestNG-tests-1] INFO  testCases.HomePageAndLoginTest - LoginPage - password entered
11:05:58.469 [TestNG-tests-1] INFO  resources.TestBase - _20220616_110558_469
11:06:00.597 [TestNG-tests-1] INFO  testCases.HomePageAndLoginTest - Driver closed
11:13:34.248 [main] INFO  resources.TestBase - _20220616_111334_246
11:13:38.192 [TestNG-tests-2] INFO  testCases.AssertTitleAndNavigationPaneTest - Driver is initialized
11:13:38.195 [TestNG-tests-1] INFO  testCases.HomePageAndLoginTest - Driver is initialized
11:13:43.824 [TestNG-tests-2] INFO  testCases.AssertTitleAndNavigationPaneTest - URL opened
11:13:43.847 [TestNG-tests-2] INFO  testCases.AssertTitleAndNavigationPaneTest - LandingPage - Object created
11:13:44.139 [TestNG-tests-2] INFO  resources.TestBase - _20220616_111344_139
11:13:44.162 [TestNG-tests-1] INFO  testCases.HomePageAndLoginTest - URL opened
11:13:44.163 [TestNG-tests-1] INFO  testCases.HomePageAndLoginTest - LandingPage - Object created
11:13:47.295 [TestNG-tests-1] INFO  testCases.HomePageAndLoginTest - LandingPage - Clicked login & LoginPage - object created
11:13:47.465 [TestNG-tests-1] INFO  testCases.HomePageAndLoginTest - LoginPage - email id entered
11:13:47.546 [TestNG-tests-1] INFO  testCases.HomePageAndLoginTest - LoginPage - password entered
11:13:47.646 [TestNG-tests-1] INFO  testCases.HomePageAndLoginTest - LoginPage - tried logging in for user type - Unrestricted User
11:13:48.365 [TestNG-tests-1] INFO  testCases.HomePageAndLoginTest - Navigated back to the LoginPage
11:13:49.247 [TestNG-tests-2] INFO  testCases.AssertTitleAndNavigationPaneTest - Driver closed
11:13:53.670 [TestNG-tests-1] INFO  resources.TestBase - _20220616_111353_670
11:13:54.866 [TestNG-tests-1] INFO  testCases.HomePageAndLoginTest - URL opened
11:13:54.866 [TestNG-tests-1] INFO  testCases.HomePageAndLoginTest - LandingPage - Object created
11:13:56.602 [TestNG-tests-1] INFO  testCases.HomePageAndLoginTest - LandingPage - Clicked login & LoginPage - object created
11:13:56.686 [TestNG-tests-1] INFO  testCases.HomePageAndLoginTest - LoginPage - email id entered
11:13:56.762 [TestNG-tests-1] INFO  testCases.HomePageAndLoginTest - LoginPage - password entered
11:13:56.859 [TestNG-tests-1] INFO  testCases.HomePageAndLoginTest - LoginPage - tried logging in for user type - Restricted User
11:13:57.497 [TestNG-tests-1] INFO  testCases.HomePageAndLoginTest - Navigated back to the LoginPage
11:14:02.753 [TestNG-tests-1] INFO  resources.TestBase - _20220616_111402_753
11:14:04.828 [TestNG-tests-1] INFO  testCases.HomePageAndLoginTest - Driver closed
13:18:18.575 [main] INFO  resources.TestBase - _20220616_011818_568
13:18:22.471 [TestNG-tests-1] INFO  testCases.HomePageAndLoginTest - Driver is initialized
13:18:22.471 [TestNG-tests-2] INFO  testCases.AssertTitleAndNavigationPaneTest - Driver is initialized
13:18:27.451 [TestNG-tests-2] INFO  testCases.AssertTitleAndNavigationPaneTest - URL opened
13:18:27.511 [TestNG-tests-2] INFO  testCases.AssertTitleAndNavigationPaneTest - LandingPage - Object created
13:18:27.863 [TestNG-tests-2] INFO  resources.TestBase - _20220616_011827_863
13:18:28.371 [TestNG-tests-1] INFO  testCases.HomePageAndLoginTest - URL opened
13:18:28.371 [TestNG-tests-1] INFO  testCases.HomePageAndLoginTest - LandingPage - Object created
13:18:31.242 [TestNG-tests-1] INFO  testCases.HomePageAndLoginTest - LandingPage - Clicked login & LoginPage - object created
